TN:
SF:script/Counter.s.sol
DA:7,0
FN:7,CounterScript.setUp
FNDA:0,CounterScript.setUp
DA:9,0
FN:9,CounterScript.run
FNDA:0,CounterScript.run
DA:10,0
FNF:2
FNH:0
LF:3
LH:0
BRF:0
BRH:0
end_of_record
TN:
SF:script/Deploy.s.sol
DA:8,0
FN:8,Deploy.run
FNDA:0,Deploy.run
DA:9,0
DA:11,0
DA:12,0
DA:15,0
DA:16,0
DA:18,0
FNF:1
FNH:0
LF:7
LH:0
BRF:0
BRH:0
end_of_record
TN:
SF:script/Deploy_LocalDepositGateway.s.sol
DA:25,0
FN:25,DeployLocalDepositGateway.run
FNDA:0,DeployLocalDepositGateway.run
DA:26,0
DA:27,0
DA:28,0
DA:29,0
DA:31,0
DA:32,0
DA:33,0
DA:34,0
DA:35,0
DA:36,0
DA:38,0
DA:39,0
DA:40,0
DA:41,0
DA:44,0
DA:45,0
DA:47,0
DA:48,0
DA:51,0
DA:52,0
DA:53,0
DA:55,0
FNF:1
FNH:0
LF:23
LH:0
BRF:0
BRH:0
end_of_record
TN:
SF:script/Deploy_MockAdapter.s.sol
DA:8,0
FN:8,DeployMockAdapter.run
FNDA:0,DeployMockAdapter.run
DA:9,0
DA:10,0
DA:11,0
DA:12,0
DA:13,0
FNF:1
FNH:0
LF:6
LH:0
BRF:0
BRH:0
end_of_record
TN:
SF:script/Deploy_Phase1.s.sol
DA:9,0
FN:9,DeployPhase1.run
FNDA:0,DeployPhase1.run
DA:10,0
DA:13,0
DA:14,0
DA:15,0
DA:16,0
DA:17,0
DA:18,0
DA:19,0
DA:21,0
BRDA:21,0,0,-
BRDA:21,0,1,-
DA:22,0
BRDA:22,1,0,-
BRDA:22,1,1,-
DA:23,0
BRDA:23,2,0,-
BRDA:23,2,1,-
DA:24,0
BRDA:24,3,0,-
BRDA:24,3,1,-
DA:25,0
BRDA:25,4,0,-
BRDA:25,4,1,-
DA:26,0
BRDA:26,5,0,-
BRDA:26,5,1,-
DA:28,0
DA:31,0
DA:32,0
DA:33,0
DA:34,0
BRDA:34,6,0,-
BRDA:34,6,1,-
DA:35,0
BRDA:35,7,0,-
BRDA:35,7,1,-
DA:36,0
BRDA:36,8,0,-
BRDA:36,8,1,-
DA:38,0
DA:39,0
DA:41,0
DA:42,0
DA:45,0
DA:46,0
DA:47,0
DA:48,0
DA:51,0
DA:52,0
DA:55,0
DA:56,0
DA:57,0
DA:60,0
DA:61,0
DA:62,0
DA:63,0
BRDA:63,9,0,-
DA:64,0
DA:66,0
FNF:1
FNH:0
LF:41
LH:0
BRF:19
BRH:0
end_of_record
TN:
SF:script/Deploy_Phase1_5_Arb.s.sol
DA:11,0
FN:11,DeployPhase15Arb.run
FNDA:0,DeployPhase15Arb.run
DA:12,0
DA:13,0
DA:14,0
DA:15,0
DA:16,0
DA:17,0
DA:19,0
BRDA:19,0,0,-
BRDA:19,0,1,-
DA:20,0
BRDA:20,1,0,-
BRDA:20,1,1,-
DA:21,0
BRDA:21,2,0,-
BRDA:21,2,1,-
DA:23,0
DA:26,0
DA:27,0
DA:28,0
DA:29,0
DA:32,0
DA:33,0
DA:35,0
DA:37,0
DA:40,0
DA:41,0
DA:44,0
DA:45,0
DA:46,0
DA:49,0
DA:50,0
DA:51,0
BRDA:51,3,0,-
DA:53,0
DA:54,0
DA:58,0
DA:62,0
FNF:1
FNH:0
LF:31
LH:0
BRF:7
BRH:0
end_of_record
TN:
SF:script/Deploy_Phase2_Spoke.s.sol
DA:10,0
FN:10,DeployPhase2Spoke.run
FNDA:0,DeployPhase2Spoke.run
DA:12,0
DA:13,0
DA:14,0
DA:15,0
DA:16,0
DA:18,0
DA:19,0
DA:21,0
DA:22,0
DA:23,0
DA:24,0
DA:25,0
DA:28,0
DA:29,0
BRDA:29,0,0,-
DA:30,0
DA:31,0
DA:32,0
DA:33,0
DA:37,0
DA:38,0
DA:39,0
DA:40,0
DA:41,0
BRDA:41,1,0,-
DA:42,0
DA:43,0
DA:44,0
BRDA:44,2,0,-
DA:45,0
BRDA:45,3,0,-
DA:46,0
BRDA:46,4,0,-
DA:47,0
DA:48,0
FNF:1
FNH:0
LF:31
LH:0
BRF:5
BRH:0
end_of_record
TN:
SF:script/Deploy_PolicyBeacon.s.sol
DA:14,0
FN:14,DeployPolicyBeacon.run
FNDA:0,DeployPolicyBeacon.run
DA:15,0
DA:16,0
DA:18,0
DA:19,0
DA:20,0
DA:21,0
DA:22,0
DA:24,0
DA:36,0
DA:37,0
DA:38,0
FNF:1
FNH:0
LF:12
LH:0
BRF:0
BRH:0
end_of_record
TN:
SF:script/Deploy_PpsMirror.s.sol
DA:13,0
FN:13,DeployPpsMirror.run
FNDA:0,DeployPpsMirror.run
DA:14,0
DA:15,0
DA:17,0
DA:18,0
DA:19,0
DA:21,0
DA:22,0
DA:23,0
DA:24,0
DA:25,0
FNF:1
FNH:0
LF:11
LH:0
BRF:0
BRH:0
end_of_record
TN:
SF:script/Deploy_SuperchainAdapter.s.sol
DA:17,0
FN:17,Deploy_SuperchainAdapter.run
FNDA:0,Deploy_SuperchainAdapter.run
DA:18,0
DA:20,0
DA:21,0
DA:22,0
BRDA:22,0,0,-
BRDA:22,0,1,-
DA:23,0
DA:24,0
DA:26,0
DA:27,0
DA:30,0
DA:31,0
DA:33,0
DA:34,0
DA:37,0
BRDA:37,1,0,-
DA:38,0
DA:40,0
DA:41,0
DA:42,0
DA:43,0
BRDA:43,2,0,-
DA:44,0
BRDA:44,3,0,-
DA:45,0
DA:46,0
DA:47,0
BRDA:47,4,0,-
DA:48,0
DA:49,0
DA:50,0
DA:53,0
DA:55,0
DA:59,0
BRDA:59,5,0,-
DA:60,0
DA:61,0
DA:64,0
DA:67,0
FN:67,Deploy_SuperchainAdapter._slice
FNDA:0,Deploy_SuperchainAdapter._slice
DA:68,0
DA:69,0
DA:70,0
DA:72,0
DA:75,0
FN:75,Deploy_SuperchainAdapter._parseUint
FNDA:0,Deploy_SuperchainAdapter._parseUint
DA:76,0
DA:77,0
DA:78,0
BRDA:78,6,0,-
DA:79,0
DA:84,0
FN:84,Deploy_SuperchainAdapter._uintToString
FNDA:0,Deploy_SuperchainAdapter._uintToString
DA:85,0
DA:86,0
DA:87,0
DA:88,0
DA:89,0
DA:90,0
FNF:4
FNH:0
LF:49
LH:0
BRF:8
BRH:0
end_of_record
TN:
SF:script/DryRun_Sepolia.s.sol
DA:10,0
FN:10,DryRunSepolia.run
FNDA:0,DryRunSepolia.run
DA:11,0
DA:14,0
DA:15,0
DA:16,0
DA:17,0
DA:18,0
DA:19,0
DA:21,0
BRDA:21,0,0,-
BRDA:21,0,1,-
DA:22,0
BRDA:22,1,0,-
BRDA:22,1,1,-
DA:23,0
BRDA:23,2,0,-
BRDA:23,2,1,-
DA:24,0
BRDA:24,3,0,-
BRDA:24,3,1,-
DA:25,0
BRDA:25,4,0,-
BRDA:25,4,1,-
DA:26,0
BRDA:26,5,0,-
BRDA:26,5,1,-
DA:29,0
DA:30,0
DA:31,0
DA:32,0
BRDA:32,6,0,-
BRDA:32,6,1,-
DA:33,0
BRDA:33,7,0,-
BRDA:33,7,1,-
DA:34,0
BRDA:34,8,0,-
BRDA:34,8,1,-
DA:37,0
DA:38,0
DA:39,0
DA:40,0
DA:42,0
DA:43,0
DA:45,0
DA:46,0
DA:48,0
DA:52,0
DA:53,0
DA:54,0
DA:57,0
DA:58,0
DA:59,0
DA:60,0
DA:61,0
DA:62,0
DA:63,0
DA:64,0
DA:65,0
DA:66,0
DA:68,0
FNF:1
FNH:0
LF:43
LH:0
BRF:18
BRH:0
end_of_record
TN:
SF:src/Hub.sol
DA:85,16
FN:85,Hub.constructor
FNDA:16,Hub.constructor
DA:86,16
DA:94,14
FN:94,Hub.initialize
FNDA:14,Hub.initialize
DA:95,14
DA:96,14
DA:97,14
DA:98,14
DA:99,14
DA:101,14
BRDA:101,0,0,-
BRDA:101,0,1,14
DA:102,14
BRDA:102,1,0,-
BRDA:102,1,1,14
DA:103,14
DA:105,14
DA:106,14
DA:107,14
DA:108,14
DA:110,14
DA:111,14
DA:115,21
FN:115,Hub.setAssetConfig
FNDA:21,Hub.setAssetConfig
DA:123,21
BRDA:123,2,0,-
BRDA:123,2,1,21
DA:124,21
DA:132,21
BRDA:132,3,0,20
DA:133,20
DA:134,20
DA:136,21
DA:139,0
FN:139,Hub.setMaxStaleness
FNDA:0,Hub.setMaxStaleness
DA:140,0
DA:141,0
DA:144,1
FN:144,Hub.setWithdrawDelay
FNDA:1,Hub.setWithdrawDelay
DA:145,1
DA:149,1
FN:149,Hub.pause
FNDA:1,Hub.pause
DA:150,1
DA:153,0
FN:153,Hub.unpause
FNDA:0,Hub.unpause
DA:154,0
DA:159,38
FN:159,Hub._scaleTo6
FNDA:38,Hub._scaleTo6
DA:160,38
DA:161,15
DA:162,0
DA:165,23
FN:165,Hub._px6
FNDA:23,Hub._px6
DA:166,23
DA:167,23
BRDA:167,6,0,-
DA:173,23
DA:174,23
BRDA:174,7,0,1
DA:176,22
DA:178,22
BRDA:178,8,0,3
DA:179,19
DA:182,2
FN:182,Hub.quoteUsd6
FNDA:2,Hub.quoteUsd6
DA:183,11
DA:184,11
BRDA:184,9,0,1
BRDA:184,9,1,10
DA:185,10
DA:186,10
DA:187,8
DA:188,8
DA:189,8
DA:190,8
DA:201,0
FN:201,Hub.getListedTokenDetails
FNDA:0,Hub.getListedTokenDetails
DA:206,0
DA:207,0
DA:208,0
DA:209,0
DA:210,0
DA:211,0
DA:212,0
DA:213,0
DA:214,0
DA:215,0
DA:225,1
FN:225,Hub.totalAssetsUsd6
FNDA:1,Hub.totalAssetsUsd6
DA:226,9
DA:227,9
DA:228,14
DA:229,14
DA:230,14
DA:233,14
DA:235,14
BRDA:235,12,0,9
DA:236,9
DA:237,9
DA:238,9
DA:239,9
DA:245,2
FN:245,Hub.pps6
FNDA:2,Hub.pps6
DA:246,17
DA:247,17
DA:248,8
DA:252,10
FN:252,Hub.deposit
FNDA:10,Hub.deposit
DA:253,9
DA:254,9
BRDA:254,14,0,-
BRDA:254,14,1,9
DA:255,9
DA:256,9
DA:257,8
DA:258,8
BRDA:258,15,0,-
BRDA:258,15,1,8
DA:259,8
DA:260,8
DA:263,8
FN:263,Hub.requestWithdraw
FNDA:8,Hub.requestWithdraw
DA:264,8
BRDA:264,16,0,1
BRDA:264,16,1,7
DA:265,7
DA:267,7
DA:268,7
DA:269,7
DA:271,7
DA:274,1
FN:274,Hub.requestsCount
FNDA:1,Hub.requestsCount
DA:275,1
DA:278,7
FN:278,Hub.claimWithdraw
FNDA:7,Hub.claimWithdraw
DA:279,6
DA:280,6
BRDA:280,17,0,-
BRDA:280,17,1,6
DA:281,6
BRDA:281,18,0,-
BRDA:281,18,1,6
DA:287,6
BRDA:287,19,0,1
BRDA:287,19,1,5
DA:288,5
DA:289,5
BRDA:289,20,0,1
BRDA:289,20,1,4
DA:290,4
DA:292,2
DA:294,2
DA:297,2
BRDA:297,21,0,1
BRDA:297,21,1,1
DA:298,1
DA:299,1
DA:300,1
DA:306,0
FN:306,Hub._authorizeUpgrade
FNDA:0,Hub._authorizeUpgrade
FNF:18
FNH:14
LF:114
LH:96
BRF:29
BRH:21
end_of_record
TN:
SF:src/USDzy.sol
DA:34,23
FN:34,USDzy.constructor
FNDA:23,USDzy.constructor
DA:35,23
DA:40,23
FN:40,USDzy.initialize
FNDA:23,USDzy.initialize
DA:41,23
DA:42,23
DA:43,23
DA:44,23
DA:46,23
DA:47,23
DA:48,23
DA:49,23
DA:55,16
FN:55,USDzy.mint
FNDA:16,USDzy.mint
DA:56,16
DA:62,7
FN:62,USDzy.burn
FNDA:7,USDzy.burn
DA:63,7
DA:66,0
FN:66,USDzy._authorizeUpgrade
FNDA:0,USDzy._authorizeUpgrade
DA:67,0
FNF:5
FNH:4
LF:17
LH:15
BRF:0
BRH:0
end_of_record
TN:
SF:src/factory/Factory.sol
DA:21,1
FN:21,Factory.initialize
FNDA:1,Factory.initialize
DA:22,1
BRDA:22,0,0,-
BRDA:22,0,1,1
DA:23,1
DA:24,1
DA:25,1
DA:28,1
FN:28,Factory.setSpokeVaultImpl
FNDA:1,Factory.setSpokeVaultImpl
DA:29,1
BRDA:29,1,0,-
BRDA:29,1,1,1
DA:30,1
DA:31,1
DA:34,1
FN:34,Factory.setRouterImpl
FNDA:1,Factory.setRouterImpl
DA:35,1
BRDA:35,2,0,-
BRDA:35,2,1,1
DA:36,1
DA:37,1
DA:40,2
FN:40,Factory.deploySpoke
FNDA:2,Factory.deploySpoke
DA:51,2
DA:52,2
BRDA:52,3,0,-
DA:53,0
DA:54,0
DA:56,0
DA:59,2
DA:60,2
BRDA:60,4,0,-
DA:61,0
DA:62,0
DA:64,0
DA:70,2
DA:71,2
DA:75,2
DA:76,2
DA:79,2
DA:82,2
DA:85,2
DA:86,2
DA:89,2
BRDA:89,5,0,2
DA:91,2
DA:92,2
DA:95,2
DA:96,2
DA:99,2
BRDA:99,6,0,2
DA:101,2
DA:102,2
DA:105,2
DA:106,2
DA:109,2
DA:110,2
FNF:4
FNH:4
LF:44
LH:38
BRF:10
BRH:5
end_of_record
TN:
SF:src/gateway/LocalDepositGateway.sol
DA:37,10
FN:37,LocalDepositGateway.constructor
FNDA:10,LocalDepositGateway.constructor
DA:38,10
DA:67,10
FN:67,LocalDepositGateway.initialize
FNDA:10,LocalDepositGateway.initialize
DA:71,10
BRDA:71,0,0,-
BRDA:71,0,1,10
DA:72,10
BRDA:72,1,0,-
BRDA:72,1,1,10
DA:73,10
BRDA:73,2,0,-
BRDA:73,2,1,10
DA:74,10
BRDA:74,3,0,-
BRDA:74,3,1,10
DA:75,10
DA:76,10
DA:77,10
DA:78,10
DA:79,10
DA:80,10
DA:81,10
DA:82,10
DA:83,10
DA:86,10
FN:86,LocalDepositGateway.setAssetConfig
FNDA:10,LocalDepositGateway.setAssetConfig
DA:94,10
DA:97,0
FN:97,LocalDepositGateway.setMaxStaleness
FNDA:0,LocalDepositGateway.setMaxStaleness
DA:98,0
DA:101,7
FN:101,LocalDepositGateway.deposit
FNDA:7,LocalDepositGateway.deposit
DA:102,7
DA:103,7
BRDA:103,4,0,-
BRDA:103,4,1,7
DA:104,7
DA:107,7
DA:108,7
DA:109,5
BRDA:109,5,0,-
BRDA:109,5,1,5
DA:110,5
DA:112,5
BRDA:112,6,0,1
BRDA:112,6,1,4
DA:116,4
DA:117,4
BRDA:117,7,0,-
BRDA:117,7,1,4
DA:118,4
BRDA:118,8,0,-
DA:119,4
BRDA:119,9,0,4
DA:122,4
DA:123,4
DA:126,4
DA:128,4
BRDA:128,10,0,1
BRDA:128,10,1,3
DA:129,3
BRDA:129,11,0,-
BRDA:129,11,1,3
DA:131,3
DA:132,3
BRDA:132,12,0,1
BRDA:132,12,1,2
DA:135,2
DA:138,2
DA:140,2
DA:143,0
FN:143,LocalDepositGateway._authorizeUpgrade
FNDA:0,LocalDepositGateway._authorizeUpgrade
FNF:6
FNH:4
LF:44
LH:41
BRF:24
BRH:15
end_of_record
TN:
SF:src/messaging/AdapterRegistry.sol
DA:10,9
FN:10,AdapterRegistry.constructor
FNDA:9,AdapterRegistry.constructor
DA:11,9
DA:14,19
FN:14,AdapterRegistry.setRemoteAdapter
FNDA:19,AdapterRegistry.setRemoteAdapter
DA:15,19
BRDA:15,0,0,1
BRDA:15,0,1,18
DA:16,18
DA:17,18
DA:20,13
FN:20,AdapterRegistry.remoteAdapterOf
FNDA:13,AdapterRegistry.remoteAdapterOf
DA:21,13
FNF:3
FNH:3
LF:8
LH:8
BRF:2
BRH:2
end_of_record
TN:
SF:src/messaging/MessagingEndpointReceiver.sol
DA:16,0
FN:16,MessagingEndpointReceiver.onlyAllowed
FNDA:0,MessagingEndpointReceiver.onlyAllowed
DA:17,0
BRDA:17,0,0,-
BRDA:17,0,1,-
DA:21,3
FN:21,MessagingEndpointReceiver.onlyAdapter
FNDA:3,MessagingEndpointReceiver.onlyAdapter
DA:22,3
BRDA:22,1,0,1
BRDA:22,1,1,2
DA:23,2
BRDA:23,2,0,1
BRDA:23,2,1,1
DA:28,15
FN:28,MessagingEndpointReceiver.setEndpoint
FNDA:15,MessagingEndpointReceiver.setEndpoint
DA:30,15
BRDA:30,3,0,3
DA:31,3
BRDA:31,4,0,1
BRDA:31,4,1,2
DA:33,14
DA:34,14
DA:37,8
FN:37,MessagingEndpointReceiver.setAdapter
FNDA:8,MessagingEndpointReceiver.setAdapter
DA:38,8
DA:41,17
FN:41,MessagingEndpointReceiver.__MessagingEndpointReceiver_init
FNDA:17,MessagingEndpointReceiver.__MessagingEndpointReceiver_init
DA:42,17
DA:45,7
FN:45,MessagingEndpointReceiver._markUsed
FNDA:7,MessagingEndpointReceiver._markUsed
DA:47,5
DA:48,5
DA:56,14
FN:56,MessagingEndpointReceiver._verifyAndMark
FNDA:14,MessagingEndpointReceiver._verifyAndMark
DA:60,14
BRDA:60,6,0,4
BRDA:60,6,1,5
DA:62,4
BRDA:62,7,0,1
BRDA:62,7,1,3
DA:63,3
BRDA:63,8,0,1
BRDA:63,8,1,2
DA:66,10
BRDA:66,9,0,3
BRDA:66,9,1,7
DA:67,7
BRDA:67,10,0,2
BRDA:67,10,1,5
DA:69,7
DA:70,7
BRDA:70,11,0,2
BRDA:70,11,1,5
DA:71,5
FNF:7
FNH:6
LF:26
LH:24
BRF:21
BRH:19
end_of_record
TN:
SF:src/messaging/MockAdapter.sol
DA:15,7
FN:15,MockAdapter.constructor
FNDA:7,MockAdapter.constructor
DA:16,7
DA:19,0
FN:19,MockAdapter.setEndpoint
FNDA:0,MockAdapter.setEndpoint
DA:20,0
BRDA:20,0,0,-
BRDA:20,0,1,-
DA:21,0
DA:22,0
DA:25,5
FN:25,MockAdapter.send
FNDA:5,MockAdapter.send
DA:26,5
BRDA:26,1,0,-
BRDA:26,1,1,5
DA:27,5
DA:28,5
DA:31,5
DA:34,3
BRDA:34,2,0,3
DA:35,5
FNF:3
FNH:2
LF:13
LH:9
BRF:5
BRH:2
end_of_record
TN:
SF:src/messaging/SuperchainAdapter.sol
DA:27,12
FN:27,SuperchainAdapter.constructor
FNDA:12,SuperchainAdapter.constructor
DA:28,12
BRDA:28,0,0,-
BRDA:28,0,1,12
DA:29,12
DA:30,12
DA:31,12
DA:32,12
DA:35,1
FN:35,SuperchainAdapter.onlyOwner
FNDA:1,SuperchainAdapter.onlyOwner
DA:36,1
BRDA:36,1,0,-
BRDA:36,1,1,1
DA:40,1
FN:40,SuperchainAdapter.setPaused
FNDA:1,SuperchainAdapter.setPaused
DA:41,1
DA:42,1
DA:45,6
FN:45,SuperchainAdapter.send
FNDA:6,SuperchainAdapter.send
DA:51,6
BRDA:51,2,0,1
BRDA:51,2,1,5
DA:52,5
DA:53,5
BRDA:53,3,0,1
BRDA:53,3,1,4
DA:54,4
DA:55,4
DA:56,4
DA:57,4
DA:60,6
FN:60,SuperchainAdapter.onMessage
FNDA:6,SuperchainAdapter.onMessage
DA:61,6
BRDA:61,4,0,-
BRDA:61,4,1,6
DA:62,6
DA:63,6
DA:64,6
BRDA:64,5,0,1
BRDA:64,5,1,5
DA:65,5
BRDA:65,6,0,1
BRDA:65,6,1,4
DA:66,4
DA:67,4
BRDA:67,7,0,1
BRDA:67,7,1,3
DA:68,3
DA:69,3
DA:70,3
BRDA:70,8,0,1
DA:71,3
FNF:5
FNH:5
LF:31
LH:31
BRF:17
BRH:14
end_of_record
TN:
SF:src/mocks/MockDIAFeed.sol
DA:8,21
FN:8,MockDIAFeed.constructor
FNDA:21,MockDIAFeed.constructor
DA:9,21
DA:10,21
DA:13,5
FN:13,MockDIAFeed.set
FNDA:5,MockDIAFeed.set
DA:14,5
DA:15,5
DA:18,23
FN:18,MockDIAFeed.latestValue
FNDA:23,MockDIAFeed.latestValue
DA:19,23
FNF:3
FNH:3
LF:8
LH:8
BRF:0
BRH:0
end_of_record
TN:
SF:src/mocks/MockERC20.sol
DA:9,14
FN:9,MockERC20.decimals
FNDA:14,MockERC20.decimals
DA:10,14
DA:13,24
FN:13,MockERC20.mint
FNDA:24,MockERC20.mint
DA:14,24
FNF:2
FNH:2
LF:4
LH:4
BRF:0
BRH:0
end_of_record
TN:
SF:src/mocks/MockUSDC.sol
DA:9,5
FN:9,MockUSDC.decimals
FNDA:5,MockUSDC.decimals
DA:10,5
DA:13,56
FN:13,MockUSDC.mint
FNDA:56,MockUSDC.mint
DA:14,56
FNF:2
FNH:2
LF:4
LH:4
BRF:0
BRH:0
end_of_record
TN:
SF:src/policy/PolicyBeacon.sol
DA:12,1
FN:12,PolicyBeacon.constructor
FNDA:1,PolicyBeacon.constructor
DA:13,1
DA:47,1
FN:47,PolicyBeacon.initialize
FNDA:1,PolicyBeacon.initialize
DA:48,1
DA:49,1
DA:50,1
DA:51,1
DA:54,2
FN:54,PolicyBeacon.post
FNDA:2,PolicyBeacon.post
DA:66,2
BRDA:66,0,0,2
DA:67,2
DA:69,2
DA:72,1
FN:72,PolicyBeacon.latestOf
FNDA:1,PolicyBeacon.latestOf
DA:78,1
DA:79,1
BRDA:79,1,0,-
BRDA:79,1,1,1
DA:80,1
DA:83,0
FN:83,PolicyBeacon._authorizeUpgrade
FNDA:0,PolicyBeacon._authorizeUpgrade
FNF:5
FNH:4
LF:16
LH:15
BRF:3
BRH:2
end_of_record
TN:
SF:src/pps/PpsBeacon.sol
DA:12,3
FN:12,PpsBeacon.constructor
FNDA:3,PpsBeacon.constructor
DA:13,3
DA:26,3
FN:26,PpsBeacon.initialize
FNDA:3,PpsBeacon.initialize
DA:27,3
DA:28,3
DA:29,3
DA:30,3
DA:31,3
DA:34,5
FN:34,PpsBeacon.post
FNDA:5,PpsBeacon.post
DA:35,5
DA:36,5
DA:37,5
DA:40,1
FN:40,PpsBeacon.latestPps6
FNDA:1,PpsBeacon.latestPps6
DA:41,1
DA:44,0
FN:44,PpsBeacon._authorizeUpgrade
FNDA:0,PpsBeacon._authorizeUpgrade
FNF:5
FNH:4
LF:15
LH:14
BRF:0
BRH:0
end_of_record
TN:
SF:src/pps/PpsMirror.sol
DA:19,4
FN:19,PpsMirror.constructor
FNDA:4,PpsMirror.constructor
DA:20,4
DA:34,4
FN:34,PpsMirror.initialize
FNDA:4,PpsMirror.initialize
DA:35,4
DA:36,4
DA:38,4
DA:39,4
DA:40,4
DA:43,3
FN:43,PpsMirror.post
FNDA:3,PpsMirror.post
DA:44,2
DA:45,2
DA:46,2
DA:49,2
FN:49,PpsMirror.latestPps6
FNDA:2,PpsMirror.latestPps6
DA:50,2
DA:53,1
FN:53,PpsMirror.setMaxStaleness
FNDA:1,PpsMirror.setMaxStaleness
DA:54,1
DA:57,0
FN:57,PpsMirror._authorizeUpgrade
FNDA:0,PpsMirror._authorizeUpgrade
FNF:6
FNH:5
LF:17
LH:16
BRF:0
BRH:0
end_of_record
TN:
SF:src/router/Router.sol
DA:25,23
FN:25,Router.constructor
FNDA:23,Router.constructor
DA:26,23
DA:83,22
FN:83,Router.initialize
FNDA:22,Router.initialize
DA:87,22
DA:88,22
DA:89,22
DA:90,22
DA:91,22
DA:92,22
BRDA:92,0,0,-
BRDA:92,0,1,22
DA:93,22
BRDA:93,1,0,-
BRDA:93,1,1,22
DA:95,22
BRDA:95,2,0,-
BRDA:95,2,1,22
DA:97,22
DA:98,22
DA:99,22
DA:101,22
DA:102,22
DA:103,22
DA:104,22
DA:106,22
DA:107,22
DA:108,22
DA:112,12
FN:112,Router.setProtocolFeeBps
FNDA:12,Router.setProtocolFeeBps
DA:113,12
BRDA:113,3,0,1
BRDA:113,3,1,11
DA:114,11
DA:115,11
DA:118,9
FN:118,Router.setRelayerFeeBps
FNDA:9,Router.setRelayerFeeBps
DA:119,9
DA:120,9
DA:123,9
FN:123,Router.setFeeSplit
FNDA:9,Router.setFeeSplit
DA:124,9
BRDA:124,4,0,1
BRDA:124,4,1,8
DA:125,8
DA:126,8
DA:127,8
DA:130,11
FN:130,Router.setFeeCollector
FNDA:11,Router.setFeeCollector
DA:132,11
BRDA:132,5,0,2
BRDA:132,5,1,9
DA:133,9
DA:134,9
DA:137,1
FN:137,Router.tvl
FNDA:1,Router.tvl
DA:138,20
DA:141,1
FN:141,Router.available
FNDA:1,Router.available
DA:142,9
DA:145,14
FN:145,Router.pokeTvlSnapshot
FNDA:14,Router.pokeTvlSnapshot
DA:147,14
DA:149,14
DA:150,9
DA:151,9
DA:152,9
DA:155,1
FN:155,Router.avg7d
FNDA:1,Router.avg7d
DA:156,3
DA:157,3
DA:158,21
DA:160,3
DA:163,1
FN:163,Router.healthBps
FNDA:1,Router.healthBps
DA:164,8
DA:165,8
DA:166,8
DA:167,4
DA:168,4
DA:169,4
DA:172,1
FN:172,Router.needsRebalance
FNDA:1,Router.needsRebalance
DA:173,5
DA:176,5
DA:177,2
DA:180,5
FN:180,Router.rebalance
FNDA:5,Router.rebalance
DA:181,4
BRDA:181,11,0,2
BRDA:181,11,1,2
DA:182,2
DA:183,2
DA:184,2
DA:185,2
DA:186,2
DA:188,2
DA:190,2
DA:193,5203
FN:193,Router.fill
FNDA:5203,Router.fill
DA:195,5203
DA:196,5203
DA:198,5203
DA:199,5203
BRDA:199,12,0,1
BRDA:199,12,1,5202
DA:201,1
DA:203,5202
DA:206,5203
DA:207,5203
DA:210,5203
BRDA:210,13,0,5202
DA:211,5202
BRDA:211,14,0,-
BRDA:211,14,1,5202
DA:212,5202
DA:213,5202
DA:215,5202
BRDA:215,15,0,5202
DA:216,5202
DA:218,5202
BRDA:218,16,0,-
DA:224,5203
BRDA:224,17,0,5202
DA:225,5202
DA:226,5202
BRDA:226,18,0,-
DA:230,5203
BRDA:230,19,0,5202
DA:231,5202
DA:232,5202
BRDA:232,20,0,-
DA:236,5203
DA:239,5203
DA:242,1
FN:242,Router.repay
FNDA:1,Router.repay
DA:243,1
DA:244,1
DA:245,1
DA:248,6
FN:248,Router.setAdapter
FNDA:6,Router.setAdapter
DA:249,6
DA:252,3
FN:252,Router.pause
FNDA:3,Router.pause
DA:253,3
DA:256,2
FN:256,Router.unpause
FNDA:2,Router.unpause
DA:257,2
DA:260,0
FN:260,Router._authorizeUpgrade
FNDA:0,Router._authorizeUpgrade
FNF:19
FNH:18
LF:107
LH:106
BRF:25
BRH:18
end_of_record
TN:
SF:src/spoke/SpokeVault.sol
DA:30,32
FN:30,SpokeVault.constructor
FNDA:32,SpokeVault.constructor
DA:31,32
DA:54,5213
FN:54,SpokeVault.asset
FNDA:5213,SpokeVault.asset
DA:55,36534
DA:58,0
FN:58,SpokeVault.decimals
FNDA:0,SpokeVault.decimals
DA:59,0
DA:62,22
FN:62,SpokeVault.totalAssets
FNDA:22,SpokeVault.totalAssets
DA:63,15639
DA:68,31
FN:68,SpokeVault.initialize
FNDA:31,SpokeVault.initialize
DA:72,31
BRDA:72,0,0,-
BRDA:72,0,1,31
DA:73,31
BRDA:73,1,0,-
BRDA:73,1,1,31
DA:74,31
DA:75,31
DA:76,31
DA:77,31
DA:78,31
DA:79,31
DA:80,31
DA:81,31
DA:83,31
DA:84,31
DA:88,0
FN:88,SpokeVault.deposit
FNDA:0,SpokeVault.deposit
DA:89,0
DA:92,0
FN:92,SpokeVault.mint
FNDA:0,SpokeVault.mint
DA:93,0
DA:96,0
FN:96,SpokeVault.withdraw
FNDA:0,SpokeVault.withdraw
DA:97,0
DA:100,0
FN:100,SpokeVault.redeem
FNDA:0,SpokeVault.redeem
DA:101,0
DA:104,3
FN:104,SpokeVault.maxBorrow
FNDA:3,SpokeVault.maxBorrow
DA:105,3
DA:108,15615
FN:108,SpokeVault.borrow
FNDA:15615,SpokeVault.borrow
DA:115,15615
DA:116,15615
BRDA:116,2,0,1
DA:117,15614
DA:118,15614
BRDA:118,3,0,15614
DA:119,15614
DA:120,15614
BRDA:120,4,0,1
DA:122,15613
DA:123,15613
DA:124,15613
DA:125,15613
DA:128,54
FN:128,SpokeVault.repay
FNDA:54,SpokeVault.repay
DA:129,54
DA:130,54
BRDA:130,5,0,1
BRDA:130,5,1,53
DA:131,53
DA:132,54
DA:133,54
DA:136,10
FN:136,SpokeVault.idleLiquidity
FNDA:10,SpokeVault.idleLiquidity
DA:137,10
DA:138,10
DA:141,8
FN:141,SpokeVault.sendIdle
FNDA:8,SpokeVault.sendIdle
DA:142,7
DA:143,7
BRDA:143,6,0,2
BRDA:143,6,1,5
DA:144,5
DA:145,5
DA:148,3
FN:148,SpokeVault.utilizationBps
FNDA:3,SpokeVault.utilizationBps
DA:149,3
DA:151,3
BRDA:151,7,0,2
DA:152,2
DA:154,1
DA:157,7
FN:157,SpokeVault.setBorrowCap
FNDA:7,SpokeVault.setBorrowCap
DA:158,7
DA:159,7
DA:162,6
FN:162,SpokeVault.setMaxUtilizationBps
FNDA:6,SpokeVault.setMaxUtilizationBps
DA:163,6
DA:164,6
DA:167,2
FN:167,SpokeVault.pause
FNDA:2,SpokeVault.pause
DA:168,2
DA:171,1
FN:171,SpokeVault.unpause
FNDA:1,SpokeVault.unpause
DA:172,1
DA:175,0
FN:175,SpokeVault._authorizeUpgrade
FNDA:0,SpokeVault._authorizeUpgrade
FNF:20
FNH:14
LF:72
LH:61
BRF:12
BRH:10
end_of_record
TN:
SF:src/usdzy/SharesAggregator.sol
DA:10,1
FN:10,SharesAggregator.constructor
FNDA:1,SharesAggregator.constructor
DA:11,1
DA:23,1
FN:23,SharesAggregator.initialize
FNDA:1,SharesAggregator.initialize
DA:24,1
DA:25,1
DA:26,1
DA:27,1
DA:30,1
FN:30,SharesAggregator.setAdapter
FNDA:1,SharesAggregator.setAdapter
DA:31,1
BRDA:31,0,0,-
BRDA:31,0,1,1
DA:32,1
DA:35,1
FN:35,SharesAggregator.reportMint
FNDA:1,SharesAggregator.reportMint
DA:36,1
BRDA:36,1,0,-
BRDA:36,1,1,1
DA:37,1
DA:38,1
DA:39,1
DA:42,1
FN:42,SharesAggregator.reportBurn
FNDA:1,SharesAggregator.reportBurn
DA:43,1
BRDA:43,2,0,-
BRDA:43,2,1,1
DA:44,1
DA:45,1
BRDA:45,3,0,-
BRDA:45,3,1,1
DA:46,1
DA:47,1
BRDA:47,4,0,-
BRDA:47,4,1,1
DA:48,1
DA:49,1
DA:52,0
FN:52,SharesAggregator._authorizeUpgrade
FNDA:0,SharesAggregator._authorizeUpgrade
FNF:6
FNH:5
LF:24
LH:23
BRF:10
BRH:5
end_of_record
TN:
SF:src/usdzy/USDzyRemoteMinter.sol
DA:24,5
FN:24,USDzyRemoteMinter.constructor
FNDA:5,USDzyRemoteMinter.constructor
DA:25,5
DA:33,5
FN:33,USDzyRemoteMinter.initialize
FNDA:5,USDzyRemoteMinter.initialize
DA:35,5
DA:36,5
DA:38,5
BRDA:38,0,0,-
BRDA:38,0,1,5
DA:39,5
BRDA:39,1,0,-
BRDA:39,1,1,5
DA:41,5
DA:42,5
DA:45,2
FN:45,USDzyRemoteMinter.mintFromGateway
FNDA:2,USDzyRemoteMinter.mintFromGateway
DA:46,1
DA:47,1
DA:50,5
FN:50,USDzyRemoteMinter.onMessage
FNDA:5,USDzyRemoteMinter.onMessage
DA:54,5
DA:55,2
DA:56,2
DA:59,0
FN:59,USDzyRemoteMinter._authorizeUpgrade
FNDA:0,USDzyRemoteMinter._authorizeUpgrade
FNF:5
FNH:4
LF:17
LH:16
BRF:4
BRH:2
end_of_record
TN:
SF:src/zpx/MintGate_Arb.sol
DA:21,2
FN:21,MintGate_Arb.constructor
FNDA:2,MintGate_Arb.constructor
DA:22,2
BRDA:22,0,0,-
BRDA:22,0,1,2
DA:23,2
DA:26,2
FN:26,MintGate_Arb.setEndpoint
FNDA:2,MintGate_Arb.setEndpoint
DA:27,2
BRDA:27,1,0,-
BRDA:27,1,1,2
DA:28,2
DA:29,2
DA:30,2
DA:33,5
FN:33,MintGate_Arb.consumeAndMint
FNDA:5,MintGate_Arb.consumeAndMint
DA:41,5
BRDA:41,2,0,1
BRDA:41,2,1,4
DA:42,4
BRDA:42,3,0,-
BRDA:42,3,1,4
DA:43,4
DA:44,4
BRDA:44,4,0,1
BRDA:44,4,1,3
DA:45,3
DA:46,3
DA:47,3
FNF:3
FNH:3
LF:16
LH:16
BRF:10
BRH:7
end_of_record
TN:
SF:src/zpx/ZPXArb.sol
DA:33,8
FN:33,ZPXArb.initialize
FNDA:8,ZPXArb.initialize
DA:34,8
DA:35,8
DA:36,8
DA:37,8
DA:38,8
DA:40,8
DA:41,8
DA:44,10
FN:44,ZPXArb.mint
FNDA:10,ZPXArb.mint
DA:45,10
DA:46,10
DA:49,0
FN:49,ZPXArb.decimals
FNDA:0,ZPXArb.decimals
DA:50,0
DA:54,1
FN:54,ZPXArb.burnFromWithPermit
FNDA:1,ZPXArb.burnFromWithPermit
DA:58,1
DA:59,1
DA:62,1
FN:62,ZPXArb._authorizeUpgrade
FNDA:1,ZPXArb._authorizeUpgrade
FNF:5
FNH:4
LF:17
LH:15
BRF:0
BRH:0
end_of_record
TN:
SF:src/zpx/ZPXArbV2_Burnable.sol
DA:9,1
FN:9,ZPXArbV2_Burnable.constructor
FNDA:1,ZPXArbV2_Burnable.constructor
DA:10,1
DA:13,1
FN:13,ZPXArbV2_Burnable.initializeV2_Burnable
FNDA:1,ZPXArbV2_Burnable.initializeV2_Burnable
FNF:2
FNH:2
LF:3
LH:3
BRF:0
BRH:0
end_of_record
TN:
SF:src/zpx/ZPXRewarder.sol
DA:45,5
FN:45,ZPXRewarder.constructor
FNDA:5,ZPXRewarder.constructor
DA:46,5
DA:47,5
DA:48,5
DA:52,17
FN:52,ZPXRewarder._update
FNDA:17,ZPXRewarder._update
DA:56,17
DA:58,11
DA:59,11
DA:60,6
DA:61,6
DA:62,6
DA:63,6
BRDA:63,2,0,6
DA:65,6
DA:67,6
DA:70,5
FN:70,ZPXRewarder.deposit
FNDA:5,ZPXRewarder.deposit
DA:71,5
DA:72,5
DA:73,5
BRDA:73,3,0,-
DA:74,0
DA:75,0
BRDA:75,4,0,-
DA:76,0
DA:77,0
DA:80,5
DA:81,5
DA:82,5
DA:83,5
DA:84,5
DA:87,1
FN:87,ZPXRewarder.withdraw
FNDA:1,ZPXRewarder.withdraw
DA:88,1
DA:89,1
DA:90,1
BRDA:90,5,0,-
BRDA:90,5,1,1
DA:91,1
DA:92,1
BRDA:92,6,0,1
DA:93,1
DA:94,1
DA:96,1
DA:97,1
DA:98,1
DA:99,1
DA:100,1
DA:103,5
FN:103,ZPXRewarder.claim
FNDA:5,ZPXRewarder.claim
DA:104,5
DA:105,5
DA:106,5
DA:107,5
BRDA:107,7,0,1
BRDA:107,7,1,4
DA:108,4
DA:109,4
DA:110,4
DA:113,1
FN:113,ZPXRewarder.emergencyWithdraw
FNDA:1,ZPXRewarder.emergencyWithdraw
DA:114,1
DA:115,1
DA:116,1
BRDA:116,8,0,-
BRDA:116,8,1,1
DA:117,1
DA:118,1
DA:119,1
DA:120,1
DA:121,1
DA:125,6
FN:125,ZPXRewarder.notifyTopUp
FNDA:6,ZPXRewarder.notifyTopUp
DA:126,6
BRDA:126,9,0,-
BRDA:126,9,1,6
DA:129,6
DA:130,6
DA:131,6
BRDA:131,10,0,4
BRDA:131,10,1,2
DA:132,4
DA:133,4
DA:134,4
DA:135,4
DA:137,2
DA:138,2
DA:139,2
DA:140,2
DA:141,2
DA:142,2
DA:144,2
DA:146,6
DA:147,6
FNF:7
FNH:7
LF:75
LH:71
BRF:14
BRH:9
end_of_record
TN:
SF:test/gateway/Gateway_StalenessHaircutCaps.t.sol
DA:13,8
FN:13,MockFeed.constructor
FNDA:8,MockFeed.constructor
DA:14,8
DA:15,8
DA:18,4
FN:18,MockFeed.latestAnswer
FNDA:4,MockFeed.latestAnswer
DA:19,4
DA:22,4
FN:22,MockFeed.latestTimestamp
FNDA:4,MockFeed.latestTimestamp
DA:23,4
DA:31,9
FN:31,MockPps.constructor
FNDA:9,MockPps.constructor
DA:32,9
DA:33,9
DA:36,3
FN:36,MockPps.latestPps6
FNDA:3,MockPps.latestPps6
DA:37,3
DA:44,1
FN:44,MockMinter.mintFromGateway
FNDA:1,MockMinter.mintFromGateway
DA:45,1
DA:53,4
FN:53,MockToken.transferFrom
FNDA:4,MockToken.transferFrom
DA:54,4
DA:55,4
DA:56,4
DA:59,1
FN:59,MockToken.transfer
FNDA:1,MockToken.transfer
DA:60,1
DA:61,1
DA:62,1
DA:65,0
FN:65,MockToken.approve
FNDA:0,MockToken.approve
DA:66,0
DA:69,4
FN:69,MockToken.setBalance
FNDA:4,MockToken.setBalance
DA:70,4
FNF:10
FNH:9
LF:26
LH:24
BRF:0
BRH:0
end_of_record
TN:
SF:test/gateway/LocalDepositGateway_Deposit.t.sol
DA:13,1
FN:13,MockFeed.constructor
FNDA:1,MockFeed.constructor
DA:14,1
DA:15,1
DA:18,1
FN:18,MockFeed.latestAnswer
FNDA:1,MockFeed.latestAnswer
DA:19,1
DA:22,1
FN:22,MockFeed.latestTimestamp
FNDA:1,MockFeed.latestTimestamp
DA:23,1
DA:30,1
FN:30,MockMinter.mintFromGateway
FNDA:1,MockMinter.mintFromGateway
DA:31,1
DA:39,1
FN:39,MockToken.transferFrom
FNDA:1,MockToken.transferFrom
DA:40,1
DA:41,1
DA:42,1
DA:45,0
FN:45,MockToken.approve
FNDA:0,MockToken.approve
DA:46,0
DA:49,1
FN:49,MockToken.transfer
FNDA:1,MockToken.transfer
DA:50,1
DA:51,1
DA:52,1
DA:56,2
FN:56,MockToken.setBalance
FNDA:2,MockToken.setBalance
DA:57,2
DA:64,1
FN:64,MockSpoke.constructor
FNDA:1,MockSpoke.constructor
DA:65,1
DA:73,1
FN:73,MockPps.constructor
FNDA:1,MockPps.constructor
DA:74,1
DA:75,1
DA:78,1
FN:78,MockPps.latestPps6
FNDA:1,MockPps.latestPps6
DA:79,1
FNF:11
FNH:10
LF:28
LH:26
BRF:0
BRH:0
end_of_record
TN:
SF:test/gateway/LocalDepositGateway_Edges.t.sol
DA:17,0
FN:17,MockMinter.mintFromGateway
FNDA:0,MockMinter.mintFromGateway
DA:18,0
FNF:1
FNH:0
LF:2
LH:0
BRF:0
BRH:0
end_of_record
TN:
SF:test/messaging/MessagingEndpointReceiver.t.sol
DA:11,2
FN:11,MockAdapter.constructor
FNDA:2,MockAdapter.constructor
DA:12,0
FN:12,MockAdapter.send
FNDA:0,MockAdapter.send
DA:17,4
FN:17,Wrapper.init
FNDA:4,Wrapper.init
DA:18,7
FN:18,Wrapper.verifyPublic
FNDA:7,Wrapper.verifyPublic
DA:19,7
FNF:4
FNH:3
LF:5
LH:4
BRF:0
BRH:0
end_of_record
TN:
SF:test/messaging/MessagingEndpointReceiver_AdapterOnly.t.sol
DA:10,0
FN:10,MockAdapterOnly.send
FNDA:0,MockAdapterOnly.send
DA:14,2
FN:14,WrapperOnly.init
FNDA:2,WrapperOnly.init
DA:16,3
FN:16,WrapperOnly.onlyAdapterFn
FNDA:3,WrapperOnly.onlyAdapterFn
FNF:3
FNH:2
LF:3
LH:2
BRF:0
BRH:0
end_of_record
TN:
SF:test/messaging/superchain/SuperchainAdapter.t.sol
DA:17,2
FN:17,MockMessenger.setXSender
FNDA:2,MockMessenger.setXSender
DA:19,2
FN:19,MockMessenger.sendMessage
FNDA:2,MockMessenger.sendMessage
DA:26,2
DA:27,2
DA:28,2
DA:29,2
DA:30,2
DA:33,3
FN:33,MockMessenger.xDomainMessageSender
FNDA:3,MockMessenger.xDomainMessageSender
DA:34,3
DA:42,2
FN:42,DummyEndpoint.echo
FNDA:2,DummyEndpoint.echo
DA:43,2
DA:44,2
DA:45,2
FNF:4
FNH:4
LF:13
LH:13
BRF:0
BRH:0
end_of_record
TN:
SF:test/messaging/superchain/SuperchainAdapter_Negative.t.sol
DA:16,3
FN:16,MockMessengerNeg.setXSender
FNDA:3,MockMessengerNeg.setXSender
DA:17,2
FN:17,MockMessengerNeg.sendMessage
FNDA:2,MockMessengerNeg.sendMessage
DA:18,2
DA:19,2
FN:19,MockMessengerNeg.xDomainMessageSender
FNDA:2,MockMessengerNeg.xDomainMessageSender
DA:23,1
FN:23,EndpointReverting.willRevert
FNDA:1,EndpointReverting.willRevert
FNF:4
FNH:4
LF:5
LH:5
BRF:0
BRH:0
end_of_record
TN:
SF:test/messaging/superchain/TVLMovementSimulation.t.sol
DA:22,0
FN:22,MockMessenger2.xDomainMessageSender
FNDA:0,MockMessenger2.xDomainMessageSender
DA:24,0
FN:24,MockMessenger2.sendMessage
FNDA:0,MockMessenger2.sendMessage
DA:31,0
DA:34,0
FN:34,MockMessenger2.flush
FNDA:0,MockMessenger2.flush
DA:35,0
DA:36,0
DA:37,0
DA:41,0
FN:41,MockMessenger2.setXSender
FNDA:0,MockMessenger2.setXSender
DA:49,0
FN:49,PseudoVaultEndpoint.seed
FNDA:0,PseudoVaultEndpoint.seed
DA:50,0
DA:51,0
DA:54,0
FN:54,PseudoVaultEndpoint.moveTVL
FNDA:0,PseudoVaultEndpoint.moveTVL
DA:55,0
BRDA:55,0,0,-
BRDA:55,0,1,-
DA:56,0
DA:57,0
DA:58,0
FNF:6
FNH:0
LF:16
LH:0
BRF:2
BRH:0
end_of_record
TN:
SF:test/phase2/Messaging_Authority.t.sol
DA:12,1
FN:12,ReceiverForAuth.constructor
FNDA:1,ReceiverForAuth.constructor
DA:13,1
DA:16,2
FN:16,ReceiverForAuth.onMessage
FNDA:2,ReceiverForAuth.onMessage
DA:18,2
DA:19,1
DA:20,1
DA:21,1
FNF:2
FNH:2
LF:7
LH:7
BRF:0
BRH:0
end_of_record
TN:
SF:test/phase2/Messaging_Replay_And_Endpoint.t.sol
DA:12,1
FN:12,ReceiverMock.constructor
FNDA:1,ReceiverMock.constructor
DA:13,1
DA:16,2
FN:16,ReceiverMock.onMessage
FNDA:2,ReceiverMock.onMessage
DA:17,2
BRDA:17,0,0,2
BRDA:17,0,1,-
DA:18,0
DA:19,0
BRDA:19,1,0,-
BRDA:19,1,1,-
DA:20,0
DA:21,0
DA:22,0
FNF:2
FNH:2
LF:9
LH:4
BRF:4
BRH:1
end_of_record
TN:
SF:test/phase2/Router_Rebalance_Triggers.t.sol
DA:15,1
FN:15,MockToken.constructor
FNDA:1,MockToken.constructor
DA:16,1
FNF:1
FNH:1
LF:2
LH:2
BRF:0
BRH:0
end_of_record
TN:
SF:test/phase2/SpokeVault_BorrowRepay.t.sol
DA:13,1
FN:13,MockToken.constructor
FNDA:1,MockToken.constructor
DA:14,1
FNF:1
FNH:1
LF:2
LH:2
BRF:0
BRH:0
end_of_record
TN:
SF:test/spoke/SpokeVault_EdgeCases.t.sol
DA:13,3
FN:13,MockAsset.constructor
FNDA:3,MockAsset.constructor
FNF:1
FNH:1
LF:1
LH:1
BRF:0
BRH:0
end_of_record
TN:
SF:test/spoke/SpokeVault_SendIdle.t.sol
DA:18,1
FN:18,MockToken.transfer
FNDA:1,MockToken.transfer
DA:19,1
DA:20,1
DA:21,1
DA:24,0
FN:24,MockToken.transferFrom
FNDA:0,MockToken.transferFrom
DA:25,0
DA:26,0
DA:27,0
DA:28,0
DA:31,0
FN:31,MockToken.approve
FNDA:0,MockToken.approve
DA:32,0
DA:35,1
FN:35,MockToken.setBalance
FNDA:1,MockToken.setBalance
DA:36,1
FNF:4
FNH:2
LF:13
LH:6
BRF:0
BRH:0
end_of_record
TN:
SF:test/spoke/Spoke_SendIdle_Caps.t.sol
DA:13,1
FN:13,MockToken.transfer
FNDA:1,MockToken.transfer
DA:14,1
DA:15,1
DA:16,1
DA:19,0
FN:19,MockToken.transferFrom
FNDA:0,MockToken.transferFrom
DA:20,0
DA:21,0
DA:22,0
DA:23,0
DA:26,0
FN:26,MockToken.approve
FNDA:0,MockToken.approve
DA:27,0
DA:30,2
FN:30,MockToken.setBalance
FNDA:2,MockToken.setBalance
DA:31,2
FNF:4
FNH:2
LF:13
LH:6
BRF:0
BRH:0
end_of_record
TN:
SF:test/usdzy/USDzyRemoteMinter_Positive.t.sol
DA:14,4
FN:14,MockAdapterForMinter.constructor
FNDA:4,MockAdapterForMinter.constructor
DA:16,4
FN:16,MockAdapterForMinter.deliver
FNDA:4,MockAdapterForMinter.deliver
DA:17,4
DA:19,4
FNF:2
FNH:2
LF:4
LH:4
BRF:0
BRH:0
end_of_record
TN:
SF:test/utils/ProxyUtils.sol
DA:7,97
FN:7,ProxyUtils.deployProxy
FNDA:97,ProxyUtils.deployProxy
DA:8,97
DA:9,97
FNF:1
FNH:1
LF:3
LH:3
BRF:0
BRH:0
end_of_record
